<?xml version="1.0" encoding="UTF-8"?>
<!-- Generated by org.testng.reporters.JUnitXMLReporter -->
<testsuite hostname="Hannas-MacBook-Air.local" ignored="3" name="Annotation" tests="2" failures="0" timestamp="28 Sep 2018 20:15:08 GMT" time="0.065" errors="0">
  <testcase name="annotationA" time="0.012" classname="TestNGExcer.Annotation"/>
  <testcase name="annotationE" time="0.002" classname="TestNGExcer.Annotation"/>
  <testcase name="annotationB" time="0.0" classname="TestNGExcer.Annotation">
    <ignored/>
  </testcase> <!-- annotationB -->
  <testcase name="annotationD" time="0.0" classname="TestNGExcer.Annotation">
    <ignored/>
  </testcase> <!-- annotationD -->
  <testcase name="annotationC" time="0.0" classname="TestNGExcer.Annotation">
    <ignored/>
  </testcase> <!-- annotationC -->
</testsuite> <!-- Annotation -->
