<?xml version="1.0" encoding="UTF-8"?>
<testng-results skipped="0" failed="0" ignored="0" total="1" passed="1">
  <reporter-output>
  </reporter-output>
  <suite name="Default suite" duration-ms="14705" started-at="2018-09-27T20:29:38Z" finished-at="2018-09-27T20:29:53Z">
    <groups>
    </groups>
    <test name="Default test" duration-ms="14705" started-at="2018-09-27T20:29:38Z" finished-at="2018-09-27T20:29:53Z">
      <class name="PageObjectModel.LinkedinTestCase">
        <test-method status="PASS" signature="getAuthontication()[pri:0, instance:PageObjectModel.LinkedinTestCase@224edc67]" name="getAuthontication" duration-ms="14605" started-at="2018-09-27T20:29:38Z" finished-at="2018-09-27T20:29:53Z">
          <reporter-output>
          </reporter-output>
        </test-method> <!-- getAuthontication -->
      </class> <!-- PageObjectModel.LinkedinTestCase -->
    </test> <!-- Default test -->
  </suite> <!-- Default suite -->
</testng-results>
