<?xml version="1.0" encoding="UTF-8"?>
<!-- Generated by org.testng.reporters.JUnitXMLReporter -->
<testsuite hostname="ACA864B2.ipt.aol.com" ignored="0" name="Test" tests="5" failures="0" timestamp="26 Sep 2018 16:55:54 GMT" time="32.067" errors="0">
  <testcase name="testApp" time="0.026" classname="Maven.SeleniumProject.AppTest"/>
  <testcase name="test" time="14.102" classname="Maven.SeleniumProject.Practice"/>
  <testcase name="invokeBrowser" time="7.716" classname="Maven.SeleniumProject.Excersice2"/>
  <testcase name="craAccounts" time="6.208" classname="Maven.SeleniumProject.Excersice3"/>
  <testcase name="testWebDriver" time="0.002" classname="Maven.SeleniumProject.ExcersiceMilan"/>
</testsuite> <!-- Test -->
